Start testing: Sep 23 16:50 Paris, Madrid (heure d’été)
----------------------------------------------------------
1/2 Testing: test_hello
1/2 Test: test_hello
Command: "O:/Documents/3A/Software_dvt/organized_project/tests/built/Debug/test_hello.exe"
Directory: O:/Documents/3A/Software_dvt/organized_project/tests/built
"test_hello" start time: Sep 23 16:50 Paris, Madrid (heure d’été)
Output:
----------------------------------------------------------
Hello World!

<end of output>
Test time =   0.10 sec
----------------------------------------------------------
Test Passed.
"test_hello" end time: Sep 23 16:51 Paris, Madrid (heure d’été)
"test_hello" time elapsed: 00:00:00
----------------------------------------------------------

2/2 Testing: test_version
2/2 Test: test_version
Command: "O:/Documents/3A/Software_dvt/organized_project/tests/built/Debug/test_version.exe"
Directory: O:/Documents/3A/Software_dvt/organized_project/tests/built
"test_version" start time: Sep 23 16:51 Paris, Madrid (heure d’été)
Output:
----------------------------------------------------------
project version is 1.0
<end of output>
Test time =   0.08 sec
----------------------------------------------------------
Test Failed.
"test_version" end time: Sep 23 16:51 Paris, Madrid (heure d’été)
"test_version" time elapsed: 00:00:00
----------------------------------------------------------

End testing: Sep 23 16:51 Paris, Madrid (heure d’été)
